[2021-06-03 15:45:11.429] [info]  { enabled: null, showDevTools: false, mode: 'bottom' }
[2021-06-03 15:45:11.539] [info]  Saving backups to /home/redpill/.config/superProductivity/backups
[2021-06-03 15:45:12.048] [info]  No custom styles detected at /home/redpill/.config/superProductivity/styles.css
[2021-06-03 20:58:40.423] [warn]  getSettingsCb no callbacks left
[2021-06-03 21:53:59.824] [info]  close, isQuiting: true
[2021-06-04 15:46:55.410] [info]  { enabled: null, showDevTools: false, mode: 'bottom' }
[2021-06-04 15:46:55.604] [info]  Saving backups to /home/redpill/.config/superProductivity/backups
[2021-06-04 15:46:56.544] [info]  No custom styles detected at /home/redpill/.config/superProductivity/styles.css
[2021-06-04 11:07:15.185] [warn]  getSettingsCb no callbacks left
[2021-06-04 16:03:23.565] [warn]  getSettingsCb no callbacks left
[2021-06-04 19:42:37.884] [info]  close, isQuiting: true
[2021-06-04 21:32:31.015] [info]  { enabled: null, showDevTools: false, mode: 'bottom' }
[2021-06-04 21:32:31.209] [info]  Saving backups to /home/redpill/.config/superProductivity/backups
[2021-06-04 21:32:32.124] [info]  No custom styles detected at /home/redpill/.config/superProductivity/styles.css
[2021-06-04 22:47:39.571] [warn]  getSettingsCb no callbacks left
[2021-06-04 23:26:54.303] [info]  close, isQuiting: true
[2021-06-06 15:15:18.398] [info]  { enabled: null, showDevTools: false, mode: 'bottom' }
[2021-06-06 15:15:18.585] [info]  Saving backups to /home/redpill/.config/superProductivity/backups
[2021-06-06 15:15:19.235] [info]  No custom styles detected at /home/redpill/.config/superProductivity/styles.css
[2021-06-06 19:14:29.420] [info]  close, isQuiting: true
[2021-06-07 08:02:21.373] [info]  { enabled: null, showDevTools: false, mode: 'bottom' }
[2021-06-07 08:02:21.585] [info]  Saving backups to /home/redpill/.config/superProductivity/backups
[2021-06-07 08:02:22.195] [info]  No custom styles detected at /home/redpill/.config/superProductivity/styles.css
[2021-06-07 10:18:25.304] [warn]  getSettingsCb no callbacks left
[2021-06-07 12:09:03.327] [warn]  getSettingsCb no callbacks left
[2021-06-07 12:29:40.990] [warn]  getSettingsCb no callbacks left
[2021-06-07 14:57:57.493] [warn]  getSettingsCb no callbacks left
[2021-06-07 15:08:40.443] [warn]  getSettingsCb no callbacks left
[2021-06-07 18:00:16.163] [warn]  getSettingsCb no callbacks left
[2021-06-07 20:55:46.907] [warn]  getSettingsCb no callbacks left
[2021-06-07 22:00:53.681] [warn]  getSettingsCb no callbacks left
[2021-06-07 22:11:25.856] [warn]  getSettingsCb no callbacks left
[2021-06-07 22:14:43.625] [info]  close, isQuiting: true
[2021-06-08 07:35:02.057] [info]  { enabled: null, showDevTools: false, mode: 'bottom' }
[2021-06-08 07:35:02.208] [info]  Saving backups to /home/redpill/.config/superProductivity/backups
[2021-06-08 07:35:02.878] [info]  No custom styles detected at /home/redpill/.config/superProductivity/styles.css
[2021-06-08 08:15:20.724] [info]  close, isQuiting: true
[2021-06-08 08:18:50.946] [info]  { enabled: null, showDevTools: false, mode: 'bottom' }
[2021-06-08 08:18:51.133] [info]  Saving backups to /home/redpill/.config/superProductivity/backups
[2021-06-08 08:18:51.935] [info]  No custom styles detected at /home/redpill/.config/superProductivity/styles.css
[2021-06-08 08:20:29.824] [info]  close, isQuiting: undefined
[2021-06-08 08:21:28.192] [info]  { enabled: null, showDevTools: false, mode: 'bottom' }
[2021-06-08 08:21:28.382] [info]  Saving backups to /home/redpill/.config/superProductivity/backups
[2021-06-08 08:21:29.561] [info]  No custom styles detected at /home/redpill/.config/superProductivity/styles.css
[2021-06-08 08:41:43.821] [warn]  getSettingsCb no callbacks left
[2021-06-08 13:33:41.697] [warn]  getSettingsCb no callbacks left
[2021-06-08 21:52:21.236] [warn]  getSettingsCb no callbacks left
[2021-06-08 21:56:10.787] [info]  close, isQuiting: true
[2021-06-09 10:29:00.064] [info]  { enabled: null, showDevTools: false, mode: 'bottom' }
[2021-06-09 10:29:00.182] [info]  Saving backups to /home/redpill/.config/superProductivity/backups
[2021-06-09 10:29:00.687] [info]  No custom styles detected at /home/redpill/.config/superProductivity/styles.css
